2025-04-01T12:01:44.966+03:00  INFO 6656 --- [demo] [main] com.example.demo.DemoApplicationTests    : Starting DemoApplicationTests using Java 23.0.1 with PID 6656 (started by Arnol in C:\PROGRAMMING\Visual Studio Code\AIPA_APP\aipa_backend)
2025-04-01T12:01:44.976+03:00 DEBUG 6656 --- [demo] [main] com.example.demo.DemoApplicationTests    : Running with Spring Boot v3.4.4, Spring v6.2.5
2025-04-01T12:01:44.977+03:00  INFO 6656 --- [demo] [main] com.example.demo.DemoApplicationTests    : No active profile set, falling back to 1 default profile: "default"
2025-04-01T12:01:46.706+03:00  INFO 6656 --- [demo] [main] com.example.demo.DemoApplicationTests    : Started DemoApplicationTests in 2.122 seconds (process running for 3.086)
2025-04-01T12:02:38.519+03:00  INFO 13992 --- [demo] [main] com.example.demo.DemoApplicationTests    : Starting DemoApplicationTests using Java 23.0.1 with PID 13992 (started by Arnol in C:\PROGRAMMING\Visual Studio Code\AIPA_APP\aipa_backend)
2025-04-01T12:02:38.521+03:00 DEBUG 13992 --- [demo] [main] com.example.demo.DemoApplicationTests    : Running with Spring Boot v3.4.4, Spring v6.2.5
2025-04-01T12:02:38.522+03:00  INFO 13992 --- [demo] [main] com.example.demo.DemoApplicationTests    : No active profile set, falling back to 1 default profile: "default"
2025-04-01T12:02:40.136+03:00  INFO 13992 --- [demo] [main] com.example.demo.DemoApplicationTests    : Started DemoApplicationTests in 1.989 seconds (process running for 2.896)
2025-04-01T12:03:25.255+03:00  INFO 15008 --- [demo] [main] com.example.demo.DemoApplication         : Starting DemoApplication using Java 23.0.1 with PID 15008 (C:\PROGRAMMING\Visual Studio Code\AIPA_APP\aipa_backend\target\classes started by Arnol in C:\PROGRAMMING\Visual Studio Code\AIPA_APP\aipa_backend)
2025-04-01T12:03:25.258+03:00 DEBUG 15008 --- [demo] [main] com.example.demo.DemoApplication         : Running with Spring Boot v3.4.4, Spring v6.2.5
2025-04-01T12:03:25.258+03:00  INFO 15008 --- [demo] [main] com.example.demo.DemoApplication         : No active profile set, falling back to 1 default profile: "default"
2025-04-01T12:03:26.134+03:00  INFO 15008 --- [demo] [main] o.s.b.w.embedded.tomcat.TomcatWebServer  : Tomcat initialized with port 8080 (http)
2025-04-01T12:03:26.146+03:00  INFO 15008 --- [demo] [main] o.apache.catalina.core.StandardService   : Starting service [Tomcat]
2025-04-01T12:03:26.146+03:00  INFO 15008 --- [demo] [main] o.apache.catalina.core.StandardEngine    : Starting Servlet engine: [Apache Tomcat/10.1.39]
2025-04-01T12:03:26.190+03:00  INFO 15008 --- [demo] [main] o.a.c.c.C.[Tomcat].[localhost].[/]       : Initializing Spring embedded WebApplicationContext
2025-04-01T12:03:26.191+03:00  INFO 15008 --- [demo] [main] w.s.c.ServletWebServerApplicationContext : Root WebApplicationContext: initialization completed in 884 ms
2025-04-01T12:03:26.779+03:00  INFO 15008 --- [demo] [main] o.s.b.w.embedded.tomcat.TomcatWebServer  : Tomcat started on port 8080 (http) with context path '/'
2025-04-01T12:03:26.786+03:00  INFO 15008 --- [demo] [main] com.example.demo.DemoApplication         : Started DemoApplication in 1.921 seconds (process running for 2.225)
2025-04-01T12:03:58.594+03:00  INFO 15008 --- [demo] [http-nio-8080-exec-1] o.a.c.c.C.[Tomcat].[localhost].[/]       : Initializing Spring DispatcherServlet 'dispatcherServlet'
2025-04-01T12:03:58.594+03:00  INFO 15008 --- [demo] [http-nio-8080-exec-1] o.s.web.servlet.DispatcherServlet        : Initializing Servlet 'dispatcherServlet'
2025-04-01T12:03:58.595+03:00  INFO 15008 --- [demo] [http-nio-8080-exec-1] o.s.web.servlet.DispatcherServlet        : Completed initialization in 1 ms
2025-04-01T13:16:23.316+03:00  INFO 15008 --- [demo] [SpringApplicationShutdownHook] o.s.b.w.e.tomcat.GracefulShutdown        : Commencing graceful shutdown. Waiting for active requests to complete
2025-04-01T13:16:23.329+03:00  INFO 15008 --- [demo] [tomcat-shutdown] o.s.b.w.e.tomcat.GracefulShutdown        : Graceful shutdown complete
2025-04-01T13:16:39.099+03:00  INFO 14368 --- [demo] [main] com.example.demo.DemoApplication         : Starting DemoApplication using Java 23.0.1 with PID 14368 (C:\PROGRAMMING\Visual Studio Code\AIPA_APP\aipa_backend\target\classes started by Arnol in C:\PROGRAMMING\Visual Studio Code\AIPA_APP\aipa_backend)
2025-04-01T13:16:39.101+03:00 DEBUG 14368 --- [demo] [main] com.example.demo.DemoApplication         : Running with Spring Boot v3.4.4, Spring v6.2.5
2025-04-01T13:16:39.105+03:00  INFO 14368 --- [demo] [main] com.example.demo.DemoApplication         : No active profile set, falling back to 1 default profile: "default"
2025-04-01T13:16:39.922+03:00  INFO 14368 --- [demo] [main] o.s.b.w.embedded.tomcat.TomcatWebServer  : Tomcat initialized with port 8080 (http)
2025-04-01T13:16:39.936+03:00  INFO 14368 --- [demo] [main] o.apache.catalina.core.StandardService   : Starting service [Tomcat]
2025-04-01T13:16:39.937+03:00  INFO 14368 --- [demo] [main] o.apache.catalina.core.StandardEngine    : Starting Servlet engine: [Apache Tomcat/10.1.39]
2025-04-01T13:16:39.989+03:00  INFO 14368 --- [demo] [main] o.a.c.c.C.[Tomcat].[localhost].[/]       : Initializing Spring embedded WebApplicationContext
2025-04-01T13:16:39.989+03:00  INFO 14368 --- [demo] [main] w.s.c.ServletWebServerApplicationContext : Root WebApplicationContext: initialization completed in 840 ms
2025-04-01T13:16:40.555+03:00  INFO 14368 --- [demo] [main] o.s.b.w.embedded.tomcat.TomcatWebServer  : Tomcat started on port 8080 (http) with context path '/'
2025-04-01T13:16:40.560+03:00  INFO 14368 --- [demo] [main] com.example.demo.DemoApplication         : Started DemoApplication in 1.807 seconds (process running for 2.091)
2025-04-01T13:16:47.664+03:00  INFO 14368 --- [demo] [http-nio-8080-exec-1] o.a.c.c.C.[Tomcat].[localhost].[/]       : Initializing Spring DispatcherServlet 'dispatcherServlet'
2025-04-01T13:16:47.665+03:00  INFO 14368 --- [demo] [http-nio-8080-exec-1] o.s.web.servlet.DispatcherServlet        : Initializing Servlet 'dispatcherServlet'
2025-04-01T13:16:47.666+03:00  INFO 14368 --- [demo] [http-nio-8080-exec-1] o.s.web.servlet.DispatcherServlet        : Completed initialization in 1 ms
